<?xml version="1.0" encoding="UTF-8"?>
<testng-results total="1" passed="1" failed="0" skipped="0">
  <reporter-output>
  </reporter-output>
  <suite started-at="2023-05-23T02:08:52Z" name="test.com.ascension.SpecialtyCareTest" finished-at="2023-05-23T02:09:53Z" duration-ms="61030">
    <groups>
    </groups>
    <test started-at="2023-05-23T02:08:52Z" name="Command line test" finished-at="2023-05-23T02:09:53Z" duration-ms="61030">
      <class name="test.com.ascension.SpecialtyCareTest">
        <test-method is-config="true" signature="setUpClass()[pri:0, instance:test.com.ascension.SpecialtyCareTest@33f88ab]" started-at="2023-05-22T21:08:52Z" name="setUpClass" finished-at="2023-05-22T21:08:59Z" duration-ms="6769" status="PASS">
          <reporter-output>
          </reporter-output>
        </test-method> <!-- setUpClass -->
        <test-method is-config="true" signature="setUpMethod()[pri:0, instance:test.com.ascension.SpecialtyCareTest@33f88ab]" started-at="2023-05-22T21:08:59Z" name="setUpMethod" finished-at="2023-05-22T21:08:59Z" duration-ms="1" status="PASS">
          <reporter-output>
          </reporter-output>
        </test-method> <!-- setUpMethod -->
        <test-method signature="testSpecialtyCare()[pri:0, instance:test.com.ascension.SpecialtyCareTest@33f88ab]" started-at="2023-05-22T21:08:59Z" name="testSpecialtyCare" finished-at="2023-05-22T21:09:53Z" duration-ms="54257" status="PASS">
          <reporter-output>
          </reporter-output>
        </test-method> <!-- testSpecialtyCare -->
        <test-method is-config="true" signature="tearDownMethod()[pri:0, instance:test.com.ascension.SpecialtyCareTest@33f88ab]" started-at="2023-05-22T21:09:53Z" name="tearDownMethod" finished-at="2023-05-22T21:09:53Z" duration-ms="0" status="PASS">
          <reporter-output>
          </reporter-output>
        </test-method> <!-- tearDownMethod -->
        <test-method is-config="true" signature="tearDownClass()[pri:0, instance:test.com.ascension.SpecialtyCareTest@33f88ab]" started-at="2023-05-22T21:09:53Z" name="tearDownClass" finished-at="2023-05-22T21:09:53Z" duration-ms="1" status="PASS">
          <reporter-output>
          </reporter-output>
        </test-method> <!-- tearDownClass -->
      </class> <!-- test.com.ascension.SpecialtyCareTest -->
    </test> <!-- Command line test -->
  </suite> <!-- test.com.ascension.SpecialtyCareTest -->
</testng-results>
