<?xml version="1.0" encoding="UTF-8"?>
<testng-results total="1" passed="1" failed="0" skipped="0">
  <reporter-output>
  </reporter-output>
  <suite started-at="2023-05-23T03:16:14Z" name="test.com.ascension.MakeADonationTest" finished-at="2023-05-23T03:18:08Z" duration-ms="113588">
    <groups>
    </groups>
    <test started-at="2023-05-23T03:16:14Z" name="Command line test" finished-at="2023-05-23T03:18:08Z" duration-ms="113588">
      <class name="test.com.ascension.MakeADonationTest">
        <test-method is-config="true" signature="setUpClass()[pri:0, instance:test.com.ascension.MakeADonationTest@33f88ab]" started-at="2023-05-22T22:16:14Z" name="setUpClass" finished-at="2023-05-22T22:16:30Z" duration-ms="15334" status="PASS">
          <reporter-output>
          </reporter-output>
        </test-method> <!-- setUpClass -->
        <test-method is-config="true" signature="setUpMethod()[pri:0, instance:test.com.ascension.MakeADonationTest@33f88ab]" started-at="2023-05-22T22:16:30Z" name="setUpMethod" finished-at="2023-05-22T22:16:30Z" duration-ms="1" status="PASS">
          <reporter-output>
          </reporter-output>
        </test-method> <!-- setUpMethod -->
        <test-method signature="OpenBrowser()[pri:0, instance:test.com.ascension.MakeADonationTest@33f88ab]" started-at="2023-05-22T22:16:30Z" name="OpenBrowser" finished-at="2023-05-22T22:18:08Z" duration-ms="98250" status="PASS">
          <reporter-output>
          </reporter-output>
        </test-method> <!-- OpenBrowser -->
        <test-method is-config="true" signature="tearDownMethod()[pri:0, instance:test.com.ascension.MakeADonationTest@33f88ab]" started-at="2023-05-22T22:18:08Z" name="tearDownMethod" finished-at="2023-05-22T22:18:08Z" duration-ms="0" status="PASS">
          <reporter-output>
          </reporter-output>
        </test-method> <!-- tearDownMethod -->
        <test-method is-config="true" signature="tearDownClass()[pri:0, instance:test.com.ascension.MakeADonationTest@33f88ab]" started-at="2023-05-22T22:18:08Z" name="tearDownClass" finished-at="2023-05-22T22:18:08Z" duration-ms="0" status="PASS">
          <reporter-output>
          </reporter-output>
        </test-method> <!-- tearDownClass -->
      </class> <!-- test.com.ascension.MakeADonationTest -->
    </test> <!-- Command line test -->
  </suite> <!-- test.com.ascension.MakeADonationTest -->
</testng-results>
