<?xml version="1.0" encoding="UTF-8"?>
<!-- Generated by org.testng.reporters.JUnitXMLReporter -->
<testsuite hostname="Halleluyas-MacBook-Pro.local" failures="0" tests="4" name="Command line test" time="89.11" errors="0" timestamp="22 May 2023 22:55:59 GMT">
  <testcase classname="test.com.ascension.PriceTransparencyNoInsTest" name="testAscensionHomepage" time="20.294"/>
  <testcase classname="test.com.ascension.PriceTransparencyNoInsTest" name="testPriceTransparencyPage" time="11.272"/>
  <testcase classname="test.com.ascension.PriceTransparencyNoInsTest" name="testPriceEstimatorPage" time="9.086"/>
  <testcase classname="test.com.ascension.PriceTransparencyNoInsTest" name="testPriceEstimator" time="41.681"/>
</testsuite> <!-- Command line test -->
