<?xml version="1.0" encoding="UTF-8"?>
<!-- Generated by org.testng.reporters.JUnitXMLReporter -->
<testsuite hostname="Halleluyas-MacBook-Pro.local" failures="0" tests="9" name="Command line test" time="500.367" errors="0" timestamp="23 May 2023 01:34:35 GMT">
  <testcase classname="test.com.ascension.BillPayTest" name="testBillPay" time="58.603"/>
  <testcase classname="test.com.ascension.CareerTest" name="testCareer" time="80.593"/>
  <testcase classname="test.com.ascension.PriceTransparencyInsTest" name="testAscensionHomepage" time="85.382"/>
  <testcase classname="test.com.ascension.pageobject.PriceTransparencyPOTest" name="executePriceTransparencyPOModule" time="85.332"/>
  <testcase classname="test.com.ascension.FindALocationTest" name="testfindaLocation" time="68.57"/>
  <testcase classname="test.com.ascension.PriceTransparencyNoInsTest" name="testAscensionHomepage" time="23.31"/>
  <testcase classname="test.com.ascension.PriceTransparencyNoInsTest" name="testPriceTransparencyPage" time="8.346"/>
  <testcase classname="test.com.ascension.PriceTransparencyNoInsTest" name="testPriceEstimatorPage" time="8.461"/>
  <testcase classname="test.com.ascension.PriceTransparencyNoInsTest" name="testPriceEstimator" time="41.847"/>
</testsuite> <!-- Command line test -->
